<?xml version="1.0" encoding="UTF-8"?>
<!-- Generated by org.testng.reporters.JUnitReportReporter -->
<testsuite hostname="DESKTOP-SFQQR9U" failures="0" tests="3" name="appfeaturesStef.AppRunnerClass" time="129.127" errors="0" timestamp="2024-09-02T21:26:31 IST" skipped="0">
  <testcase classname="appfeaturesStef.AppRunnerClass" name="runScenario" time="32.869"/>
  <system-out/>
  <testcase classname="appfeaturesStef.AppRunnerClass" name="runScenario" time="32.971"/>
  <system-out/>
  <testcase classname="appfeaturesStef.AppRunnerClass" name="runScenario" time="63.287"/>
  <system-out/>
</testsuite> <!-- appfeaturesStef.AppRunnerClass -->
